Mplus VERSION 7.4
MUTHEN & MUTHEN
09/14/2016   3:44 PM

INPUT INSTRUCTIONS

  Title:
    Stata2Mplus conversion for emcause.dta
    List of variables converted shown below

    code : code
    em_ever : Ever had an EM
    pwhite : percent white
    pblack : percent black
    eml : Emergency dispossesion (EM or probation)
    fis_i : Fiscal Indicator Score (with imputation)
    fis_m : FIS mean across the years
    medhinc : Median Household Income

  Data:
    File is emcause.dat ;
  Variable:
    Names are
       code em_ever pwhite pblack eml fis_i fis_m medhinc;
    Usevariables are eml fis_i pblack;
    !Categorical = eml;
    !Keeping it an LPM for easier understanding
  Analysis:
    Type = general;
    Model = NOMEANSTRUCTURE;
    Information = expected;
  Model:
    fis BY fis_i@1;
    fis@1;
    eml ON fis;
    eml ON pblack(b);
    pblack WITH fis@0;

  Model constraint:
    b=0;
  Output:
    TECH1 STDYX MODINDICES;



*** WARNING in OUTPUT command
  MODINDICES option is not available in conjunction with nonlinear constraints
  through the use of MODEL CONSTRAINT.  Request for MODINDICES is ignored.
   1 WARNING(S) FOUND IN THE INPUT INSTRUCTIONS




Stata2Mplus conversion for emcause.dta
List of variables converted shown below

code : code
em_ever : Ever had an EM
pwhite : percent white
pblack : percent black
eml : Emergency dispossesion (EM or probation)
fis_i : Fiscal Indicator Score (with imputation)
fis_m : FIS mean across the years
medhinc : Median Household Income

SUMMARY OF ANALYSIS

Number of groups                                                 1
Number of observations                                        6938

Number of dependent variables                                    2
Number of independent variables                                  1
Number of continuous latent variables                            1

Observed dependent variables

  Continuous
   EML         FIS_I

Observed independent variables
   PBLACK

Continuous latent variables
   FIS


Estimator                                                       ML
Information matrix                                        EXPECTED
Maximum number of iterations                                  1000
Convergence criterion                                    0.500D-04
Maximum number of steepest descent iterations                   20

Input data file(s)
  emcause.dat

Input data format  FREE



THE MODEL ESTIMATION TERMINATED NORMALLY



MODEL FIT INFORMATION

Number of Free Parameters                        4

Loglikelihood

          H0 Value                      -29732.193
          H1 Value                      -28500.966

Information Criteria

          Akaike (AIC)                   59472.387
          Bayesian (BIC)                 59499.766
          Sample-Size Adjusted BIC       59487.055
            (n* = (n + 2) / 24)

Chi-Square Test of Model Fit

          Value                           2462.455
          Degrees of Freedom                     2
          P-Value                           0.0000

RMSEA (Root Mean Square Error Of Approximation)

          Estimate                           0.421
          90 Percent C.I.                    0.407  0.435
          Probability RMSEA <= .05           0.000

CFI/TLI

          CFI                                0.183
          TLI                               -0.225

Chi-Square Test of Model Fit for the Baseline Model

          Value                           3014.737
          Degrees of Freedom                     3
          P-Value                           0.0000

SRMR (Standardized Root Mean Square Residual)

          Value                              0.251



MODEL RESULTS

                                                    Two-Tailed
                    Estimate       S.E.  Est./S.E.    P-Value

 FIS      BY
    FIS_I              1.000      0.000    999.000    999.000

 EML      ON
    FIS                0.030      0.001     22.207      0.000

 EML      ON
    PBLACK             0.000      0.000    999.000    999.000

 PBLACK   WITH
    FIS                0.000      0.000    999.000    999.000

 Variances
    PBLACK            97.834      1.661     58.898      0.000
    FIS                1.000      0.000    999.000    999.000

 Residual Variances
    EML                0.006      0.000     51.474      0.000
    FIS_I              0.779      0.030     25.799      0.000


STANDARDIZED MODEL RESULTS


STDYX Standardization

                                                    Two-Tailed
                    Estimate       S.E.  Est./S.E.    P-Value

 FIS      BY
    FIS_I              0.750      0.006    117.796      0.000

 EML      ON
    FIS                0.369      0.016     23.494      0.000

 EML      ON
    PBLACK             0.000      0.000    999.000    999.000

 PBLACK   WITH
    FIS                0.000      0.000    999.000    999.000

 Variances
    PBLACK             1.000      0.000    999.000    999.000
    FIS                1.000      0.000    999.000    999.000

 Residual Variances
    EML                0.864      0.012     74.529      0.000
    FIS_I              0.438      0.010     45.908      0.000


R-SQUARE

    Observed                                        Two-Tailed
    Variable        Estimate       S.E.  Est./S.E.    P-Value

    EML                0.136      0.012     11.747      0.000
    FIS_I              0.562      0.010     58.898      0.000


QUALITY OF NUMERICAL RESULTS

     Condition Number for the Information Matrix              0.924E-05
       (ratio of smallest to largest eigenvalue)


TECHNICAL 1 OUTPUT


     PARAMETER SPECIFICATION


           LAMBDA
              FIS           EML           PBLACK
              ________      ________      ________
 EML                0             0             0
 FIS_I              0             0             0
 PBLACK             0             0             0


           THETA
              EML           FIS_I         PBLACK
              ________      ________      ________
 EML                0
 FIS_I              0             1
 PBLACK             0             0             0


           BETA
              FIS           EML           PBLACK
              ________      ________      ________
 FIS                0             0             0
 EML                2             0             3
 PBLACK             0             0             0


           PSI
              FIS           EML           PBLACK
              ________      ________      ________
 FIS                0
 EML                0             4
 PBLACK             0             0             5


     STARTING VALUES


           LAMBDA
              FIS           EML           PBLACK
              ________      ________      ________
 EML            0.000         1.000         0.000
 FIS_I          1.000         0.000         0.000
 PBLACK         0.000         0.000         1.000


           THETA
              EML           FIS_I         PBLACK
              ________      ________      ________
 EML            0.000
 FIS_I          0.000         0.890
 PBLACK         0.000         0.000         0.000


           BETA
              FIS           EML           PBLACK
              ________      ________      ________
 FIS            0.000         0.000         0.000
 EML            0.000         0.000         0.000
 PBLACK         0.000         0.000         0.000


           PSI
              FIS           EML           PBLACK
              ________      ________      ________
 FIS            1.000
 EML            0.000         0.003
 PBLACK         0.000         0.000        48.917


DIAGRAM INFORMATION

  Use View Diagram under the Diagram menu in the Mplus Editor to view the diagram.
  If running Mplus from the Mplus Diagrammer, the diagram opens automatically.

  Diagram output
    c:\data\detroit\emcause8.dgm

     Beginning Time:  15:44:09
        Ending Time:  15:44:09
       Elapsed Time:  00:00:00



MUTHEN & MUTHEN
3463 Stoner Ave.
Los Angeles, CA  90066

Tel: (310) 391-9971
Fax: (310) 391-8971
Web: www.StatModel.com
Support: Support@StatModel.com

Copyright (c) 1998-2015 Muthen & Muthen
