Mplus VERSION 7.4
MUTHEN & MUTHEN
09/14/2016   4:02 PM

INPUT INSTRUCTIONS

  Title:
    Stata2Mplus conversion for emcause.dta
    List of variables converted shown below

    code : code
    em_ever : Ever had an EM
    pwhite : percent white
    pblack : percent black
    eml : Emergency dispossesion (EM or probation)
    fis_i : Fiscal Indicator Score (with imputation)
    fis_m : FIS mean across the years
    medhinc : Median Household Income

  Data:
    File is emcause.dat ;
  Variable:
    Names are
       code em_ever pwhite pblack eml fis_i fis_m medhinc;
    Usevariables are eml fis_i pblack;
    !Categorical = eml;
    !Keeping it an LPM for easier understanding
  Analysis:
    Type = general;
    Model = NOMEANSTRUCTURE;
    Information = expected;
  Model:
    fis BY fis_i@1;
    fis@1;
    eml ON fis pblack;
    fis_i@.89;

  Model constraint:
  Output:
    TECH1 STDYX MODINDICES;



INPUT READING TERMINATED NORMALLY




Stata2Mplus conversion for emcause.dta
List of variables converted shown below

code : code
em_ever : Ever had an EM
pwhite : percent white
pblack : percent black
eml : Emergency dispossesion (EM or probation)
fis_i : Fiscal Indicator Score (with imputation)
fis_m : FIS mean across the years
medhinc : Median Household Income

SUMMARY OF ANALYSIS

Number of groups                                                 1
Number of observations                                        6938

Number of dependent variables                                    2
Number of independent variables                                  1
Number of continuous latent variables                            1

Observed dependent variables

  Continuous
   EML         FIS_I

Observed independent variables
   PBLACK

Continuous latent variables
   FIS


Estimator                                                       ML
Information matrix                                        EXPECTED
Maximum number of iterations                                  1000
Convergence criterion                                    0.500D-04
Maximum number of steepest descent iterations                   20

Input data file(s)
  emcause.dat

Input data format  FREE



THE MODEL ESTIMATION TERMINATED NORMALLY



MODEL FIT INFORMATION

Number of Free Parameters                        3

Loglikelihood

          H0 Value                       -3357.076
          H1 Value                       -2757.003

Information Criteria

          Akaike (AIC)                    6720.152
          Bayesian (BIC)                  6740.687
          Sample-Size Adjusted BIC        6731.153
            (n* = (n + 2) / 24)

Chi-Square Test of Model Fit

          Value                           1200.147
          Degrees of Freedom                     2
          P-Value                           0.0000

RMSEA (Root Mean Square Error Of Approximation)

          Estimate                           0.294
          90 Percent C.I.                    0.280  0.308
          Probability RMSEA <= .05           0.000

CFI/TLI

          CFI                                0.602
          TLI                                0.403

Chi-Square Test of Model Fit for the Baseline Model

          Value                           3014.737
          Degrees of Freedom                     3
          P-Value                           0.0000

SRMR (Standardized Root Mean Square Residual)

          Value                              0.178



MODEL RESULTS

                                                    Two-Tailed
                    Estimate       S.E.  Est./S.E.    P-Value

 FIS      BY
    FIS_I              1.000      0.000    999.000    999.000

 EML      ON
    FIS                0.012      0.001     10.428      0.000

 EML      ON
    PBLACK             0.004      0.000     40.750      0.000

 Variances
    FIS                1.000      0.000    999.000    999.000

 Residual Variances
    EML                0.005      0.000     57.369      0.000
    FIS_I              0.890      0.000    999.000    999.000


STANDARDIZED MODEL RESULTS


STDYX Standardization

                                                    Two-Tailed
                    Estimate       S.E.  Est./S.E.    P-Value

 FIS      BY
    FIS_I              0.727      0.000    999.000    999.000

 EML      ON
    FIS                0.154      0.015     10.519      0.000

 EML      ON
    PBLACK             0.437      0.010     45.230      0.000

 Variances
    FIS                1.000      0.000    999.000    999.000

 Residual Variances
    EML                0.786      0.009     85.185      0.000
    FIS_I              0.471      0.000    999.000    999.000


R-SQUARE

    Observed                                        Two-Tailed
    Variable        Estimate       S.E.  Est./S.E.    P-Value

    EML                0.214      0.009     23.236      0.000
    FIS_I              0.529      0.000    999.000    999.000


QUALITY OF NUMERICAL RESULTS

     Condition Number for the Information Matrix              0.535E-02
       (ratio of smallest to largest eigenvalue)


MODEL MODIFICATION INDICES

NOTE:  Modification indices for direct effects of observed dependent variables
regressed on covariates may not be included.  To include these, request
MODINDICES (ALL).

Minimum M.I. value for printing the modification index    10.000

                                   M.I.     E.P.C.  Std E.P.C.  StdYX E.P.C.

BY Statements

FIS      BY FIS_I                 11.868    -0.055     -0.055       -0.040

ON/BY Statements

FIS      ON FIS      /
FIS      BY FIS                   11.868    -0.055     -0.055       -0.055

ON Statements

FIS      ON EML                  839.482    12.920     12.920        1.030
FIS      ON PBLACK              1027.827     0.053      0.053        0.529

WITH Statements

PBLACK   WITH FIS               1027.827     5.234      5.234        0.529

Variances/Residual Variances

FIS_I                             11.868    -0.111     -0.111       -0.058
FIS                               11.868    -0.111     -0.111       -0.111


TECHNICAL 1 OUTPUT


     PARAMETER SPECIFICATION


           LAMBDA
              FIS           EML           PBLACK
              ________      ________      ________
 EML                0             0             0
 FIS_I              0             0             0
 PBLACK             0             0             0


           THETA
              EML           FIS_I         PBLACK
              ________      ________      ________
 EML                0
 FIS_I              0             0
 PBLACK             0             0             0


           BETA
              FIS           EML           PBLACK
              ________      ________      ________
 FIS                0             0             0
 EML                1             0             2
 PBLACK             0             0             0


           PSI
              FIS           EML           PBLACK
              ________      ________      ________
 FIS                0
 EML                0             3
 PBLACK             0             0             0


     STARTING VALUES


           LAMBDA
              FIS           EML           PBLACK
              ________      ________      ________
 EML            0.000         1.000         0.000
 FIS_I          1.000         0.000         0.000
 PBLACK         0.000         0.000         1.000


           THETA
              EML           FIS_I         PBLACK
              ________      ________      ________
 EML            0.000
 FIS_I          0.000         0.890
 PBLACK         0.000         0.000         0.000


           BETA
              FIS           EML           PBLACK
              ________      ________      ________
 FIS            0.000         0.000         0.000
 EML            0.000         0.000         0.000
 PBLACK         0.000         0.000         0.000


           PSI
              FIS           EML           PBLACK
              ________      ________      ________
 FIS            1.000
 EML            0.000         0.003
 PBLACK         0.000         0.000        97.834


DIAGRAM INFORMATION

  Use View Diagram under the Diagram menu in the Mplus Editor to view the diagram.
  If running Mplus from the Mplus Diagrammer, the diagram opens automatically.

  Diagram output
    c:\data\detroit\emcause6.dgm

     Beginning Time:  16:02:40
        Ending Time:  16:02:40
       Elapsed Time:  00:00:00



MUTHEN & MUTHEN
3463 Stoner Ave.
Los Angeles, CA  90066

Tel: (310) 391-9971
Fax: (310) 391-8971
Web: www.StatModel.com
Support: Support@StatModel.com

Copyright (c) 1998-2015 Muthen & Muthen
