Mplus VERSION 5
MUTHEN & MUTHEN
09/03/2016   6:55 AM

INPUT INSTRUCTIONS

  Title:
    Stata2Mplus conversion for emcause.dta
    List of variables converted shown below

    code : code
    em_ever : Ever had an EM
    pwhite : percent white
    pblack : percent black
    eml : Emergency dispossesion (EM or probation)
    fis_i : Fiscal Indicator Score (with imputation)
    fis_m : FIS mean across the years
    medhinc : Median Household Income

  Data:
    File is emcause.dat ;
  Variable:
    Names are
       code em_ever pwhite pblack eml fis_i fis_m medhinc;
    Usevariables are eml fis_i pblack;
    !Categorical = eml;
    !Keeping it an LPM for easier understanding
  Analysis:
    Type = general;
    Model = NOMEANSTRUCTURE;
    Information = expected;
  Model:
    fis BY fis_i@1;
    fis@1;
    eml ON fis;
    eml ON pblack(b);

  Model constraint:
    b=0;
  Output:
    TECH1 STDYX MODINDICES;



*** WARNING in Output command
  MODINDICES option is not available in conjunction with nonlinear constraints
  through the use of MODEL CONSTRAINT.  Request for MODINDICES is ignored.
   1 WARNING(S) FOUND IN THE INPUT INSTRUCTIONS




Stata2Mplus conversion for emcause.dta
List of variables converted shown below

code : code
em_ever : Ever had an EM
pwhite : percent white
pblack : percent black
eml : Emergency dispossesion (EM or probation)
fis_i : Fiscal Indicator Score (with imputation)
fis_m : FIS mean across the years
medhinc : Median Household Income

SUMMARY OF ANALYSIS

Number of groups                                                 1
Number of observations                                        6945

Number of dependent variables                                    2
Number of independent variables                                  1
Number of continuous latent variables                            1

Observed dependent variables

  Continuous
   EML         FIS_I

Observed independent variables
   PBLACK

Continuous latent variables
   FIS


Estimator                                                       ML
Information matrix                                        EXPECTED
Maximum number of iterations                                  1000
Convergence criterion                                    0.500D-04
Maximum number of steepest descent iterations                   20

Input data file(s)
  emcause.dat

Input data format  FREE



THE MODEL ESTIMATION TERMINATED NORMALLY



TESTS OF MODEL FIT

Chi-Square Test of Model Fit

          Value                            348.223
          Degrees of Freedom                     1
          P-Value                           0.0000

Chi-Square Test of Model Fit for the Baseline Model

          Value                           3018.128
          Degrees of Freedom                     3
          P-Value                           0.0000

CFI/TLI

          CFI                                0.885
          TLI                                0.655

Loglikelihood

          H0 Value                      -28693.802
          H1 Value                      -28519.690

Information Criteria

          Number of Free Parameters              4
          Akaike (AIC)                   57395.604
          Bayesian (BIC)                 57422.987
          Sample-Size Adjusted BIC       57410.276
            (n* = (n + 2) / 24)

RMSEA (Root Mean Square Error Of Approximation)

          Estimate                           0.224
          90 Percent C.I.                    0.204  0.244
          Probability RMSEA <= .05           0.000

SRMR (Standardized Root Mean Square Residual)

          Value                              0.139



MODEL RESULTS

                                                    Two-Tailed
                    Estimate       S.E.  Est./S.E.    P-Value

 FIS      BY
    FIS_I              1.000      0.000    999.000    999.000

 EML      ON
    FIS                0.050      0.001     46.521      0.000

 EML      ON
    PBLACK             0.000      0.000   NaN         999.000

 PBLACK   WITH
    FIS                7.342      0.100     73.600      0.000

 Variances
    FIS                1.000      0.000    999.000    999.000

 Residual Variances
    EML                0.004      0.000     44.864      0.000
    FIS_I              1.195      0.028     42.608      0.000


STANDARDIZED MODEL RESULTS


STDYX Standardization

                                                    Two-Tailed
                    Estimate       S.E.  Est./S.E.    P-Value

 FIS      BY
    FIS_I              0.675      0.004    156.547      0.000

 EML      ON
    FIS                0.602      0.011     56.429      0.000

 EML      ON
    PBLACK             0.000      0.000    999.000    999.000

 PBLACK   WITH
    FIS                0.743      0.012     62.427      0.000

 Variances
    FIS                1.000      0.000    999.000    999.000

 Residual Variances
    EML                0.638      0.013     49.702      0.000
    FIS_I              0.544      0.006     93.510      0.000


R-SQUARE

    Observed                                        Two-Tailed
    Variable        Estimate       S.E.  Est./S.E.    P-Value

    EML                0.362      0.013     28.214      0.000
    FIS_I              0.456      0.006     78.274      0.000


QUALITY OF NUMERICAL RESULTS

     Condition Number for the Information Matrix              0.762E-05
       (ratio of smallest to largest eigenvalue)


TECHNICAL 1 OUTPUT


     PARAMETER SPECIFICATION


           LAMBDA
              FIS           EML           PBLACK
              ________      ________      ________
 EML                0             0             0
 FIS_I              0             0             0
 PBLACK             0             0             0


           THETA
              EML           FIS_I         PBLACK
              ________      ________      ________
 EML                0
 FIS_I              0             1
 PBLACK             0             0             0


           BETA
              FIS           EML           PBLACK
              ________      ________      ________
 FIS                0             0             0
 EML                2             0             3
 PBLACK             0             0             0


           PSI
              FIS           EML           PBLACK
              ________      ________      ________
 FIS                0
 EML                0             4
 PBLACK             5             0             0


     STARTING VALUES


           LAMBDA
              FIS           EML           PBLACK
              ________      ________      ________
 EML            0.000         1.000         0.000
 FIS_I          1.000         0.000         0.000
 PBLACK         0.000         0.000         1.000


           THETA
              EML           FIS_I         PBLACK
              ________      ________      ________
 EML            0.000
 FIS_I          0.000         0.889
 PBLACK         0.000         0.000         0.000


           BETA
              FIS           EML           PBLACK
              ________      ________      ________
 FIS            0.000         0.000         0.000
 EML            0.000         0.000         0.000
 PBLACK         0.000         0.000         0.000


           PSI
              FIS           EML           PBLACK
              ________      ________      ________
 FIS            1.000
 EML            0.000         0.003
 PBLACK         0.000         0.000        97.743


     Beginning Time:  06:55:21
        Ending Time:  06:55:22
       Elapsed Time:  00:00:01



MUTHEN & MUTHEN
3463 Stoner Ave.
Los Angeles, CA  90066

Tel: (310) 391-9971
Fax: (310) 391-8971
Web: www.StatModel.com
Support: Support@StatModel.com

Copyright (c) 1998-2007 Muthen & Muthen
