Mplus VERSION 7.4
MUTHEN & MUTHEN
10/04/2016  11:55 AM

INPUT INSTRUCTIONS

  Title:
    Stata2Mplus conversion for emcause.dta
    List of variables converted shown below

    code : code
    em_ever : Ever had an EM
    pwhite : percent white
    pblack : percent black
    eml : Emergency dispossesion (EM or probation)
    fis_i : Fiscal Indicator Score (with imputation)
    fis_m : FIS mean across the years
    medhinc : Median Household Income

  Data:
    File is emcause.dat ;
  Variable:
    Names are
       code em_ever pwhite pblack eml fis_i fis_m medhinc linc;
    Usevariables are eml fis_i;
    Categorical = eml;
    !Keeping it an LPM for easier understanding
  Analysis:
    Estimator=WLS;
  Model:
    eml ON fis_i;
  Output:
    TECH1 STDYX;



INPUT READING TERMINATED NORMALLY




Stata2Mplus conversion for emcause.dta
List of variables converted shown below

code : code
em_ever : Ever had an EM
pwhite : percent white
pblack : percent black
eml : Emergency dispossesion (EM or probation)
fis_i : Fiscal Indicator Score (with imputation)
fis_m : FIS mean across the years
medhinc : Median Household Income

SUMMARY OF ANALYSIS

Number of groups                                                 1
Number of observations                                        6938

Number of dependent variables                                    1
Number of independent variables                                  1
Number of continuous latent variables                            0

Observed dependent variables

  Binary and ordered categorical (ordinal)
   EML

Observed independent variables
   FIS_I


Estimator                                                      WLS
Maximum number of iterations                                  1000
Convergence criterion                                    0.500D-04
Maximum number of steepest descent iterations                   20
Parameterization                                             DELTA

Input data file(s)
  emcause.dat

Input data format  FREE


UNIVARIATE PROPORTIONS AND COUNTS FOR CATEGORICAL VARIABLES

    EML
      Category 1    0.993         6892.000
      Category 2    0.007           46.000



THE MODEL ESTIMATION TERMINATED NORMALLY



MODEL FIT INFORMATION

Number of Free Parameters                        2

Chi-Square Test of Model Fit

          Value                              0.003
          Degrees of Freedom                     0
          P-Value                           0.0000

RMSEA (Root Mean Square Error Of Approximation)

          Estimate                           0.000
          90 Percent C.I.                    0.000  0.000
          Probability RMSEA <= .05           0.000

CFI/TLI

          CFI                                1.000
          TLI                                1.000

Chi-Square Test of Model Fit for the Baseline Model

          Value                            174.765
          Degrees of Freedom                     1
          P-Value                           0.0000



MODEL RESULTS

                                                    Two-Tailed
                    Estimate       S.E.  Est./S.E.    P-Value

 EML      ON
    FIS_I              0.473      0.036     13.171      0.000

 Thresholds
    EML$1              3.964      0.180     21.962      0.000


STANDARDIZED MODEL RESULTS


STDYX Standardization

                                                    Two-Tailed
                    Estimate       S.E.  Est./S.E.    P-Value

 EML      ON
    FIS_I              0.533      0.029     18.291      0.000

 Thresholds
    EML$1              3.353      0.092     36.253      0.000


R-SQUARE

    Observed                                        Two-Tailed   Residual
    Variable        Estimate       S.E.  Est./S.E.    P-Value    Variance

    EML                0.284      0.031      9.145      0.000      1.000


QUALITY OF NUMERICAL RESULTS

     Condition Number for the Information Matrix              0.214E-01
       (ratio of smallest to largest eigenvalue)


TECHNICAL 1 OUTPUT


     PARAMETER SPECIFICATION


           TAU
              EML$1
              ________
      1           1


           NU
              EML
              ________
      1           0


           LAMBDA
              EML
              ________
 EML                0


           ALPHA
              EML
              ________
      1           0


           BETA
              EML
              ________
 EML                0


           GAMMA
              FIS_I
              ________
 EML                2


           PSI
              EML
              ________
 EML                0


     STARTING VALUES


           TAU
              EML$1
              ________
      1         2.477


           NU
              EML
              ________
      1         0.000


           LAMBDA
              EML
              ________
 EML            1.000


           ALPHA
              EML
              ________
      1         0.000


           BETA
              EML
              ________
 EML            0.000


           GAMMA
              FIS_I
              ________
 EML            0.000


           PSI
              EML
              ________
 EML            1.000


DIAGRAM INFORMATION

  Use View Diagram under the Diagram menu in the Mplus Editor to view the diagram.
  If running Mplus from the Mplus Diagrammer, the diagram opens automatically.

  Diagram output
    c:\data\detroit\emcause1wls.dgm

     Beginning Time:  11:55:39
        Ending Time:  11:55:39
       Elapsed Time:  00:00:00



MUTHEN & MUTHEN
3463 Stoner Ave.
Los Angeles, CA  90066

Tel: (310) 391-9971
Fax: (310) 391-8971
Web: www.StatModel.com
Support: Support@StatModel.com

Copyright (c) 1998-2015 Muthen & Muthen
