Mplus VERSION 7.4
MUTHEN & MUTHEN
10/21/2016  12:22 PM

INPUT INSTRUCTIONS

  TITLE:
    Variable List -

    eml : RECODE of em
    fis_i :
    pblack :
    lnminc :

  DATA:
    FILE = __000001.dat ;
  VARIABLE:
    NAMES =
      eml fis_i pblack lnminc ;
    MISSING ARE ALL (-9999) ;
    CATEGORICAL =
      eml
      ;
  ANALYSIS:
     ESTIMATOR = ML ;
  OUTPUT:
  MODEL:
  fis_i on pblack lnminc ;
  eml on fis_i pblack ;




INPUT READING TERMINATED NORMALLY




Variable List -

eml : RECODE of em
fis_i :
pblack :
lnminc :

SUMMARY OF ANALYSIS

Number of groups                                                 1
Number of observations                                        6938

Number of dependent variables                                    2
Number of independent variables                                  2
Number of continuous latent variables                            0

Observed dependent variables

  Continuous
   FIS_I

  Binary and ordered categorical (ordinal)
   EML

Observed independent variables
   PBLACK      LNMINC


Estimator                                                       ML
Information matrix                                        OBSERVED
Optimization Specifications for the Quasi-Newton Algorithm for
Continuous Outcomes
  Maximum number of iterations                                 100
  Convergence criterion                                  0.100D-05
Optimization Specifications for the EM Algorithm
  Maximum number of iterations                                 500
  Convergence criteria
    Loglikelihood change                                 0.100D-02
    Relative loglikelihood change                        0.100D-05
    Derivative                                           0.100D-02
Optimization Specifications for the M step of the EM Algorithm for
Categorical Latent variables
  Number of M step iterations                                    1
  M step convergence criterion                           0.100D-02
  Basis for M step termination                           ITERATION
Optimization Specifications for the M step of the EM Algorithm for
Censored, Binary or Ordered Categorical (Ordinal), Unordered
Categorical (Nominal) and Count Outcomes
  Number of M step iterations                                    1
  M step convergence criterion                           0.100D-02
  Basis for M step termination                           ITERATION
  Maximum value for logit thresholds                            15
  Minimum value for logit thresholds                           -15
  Minimum expected cell size for chi-square              0.100D-01
Maximum number of iterations for H1                           2000
Convergence criterion for H1                             0.100D-03
Optimization algorithm                                         EMA
Integration Specifications
  Type                                                    STANDARD
  Number of integration points                                  15
  Dimensions of numerical integration                            0
  Adaptive quadrature                                           ON
Link                                                         LOGIT
Cholesky                                                       OFF

Input data file(s)
  __000001.dat
Input data format  FREE


SUMMARY OF DATA

     Number of missing data patterns             1
     Number of y missing data patterns           1
     Number of u missing data patterns           1


COVARIANCE COVERAGE OF DATA

Minimum covariance coverage value   0.100


     PROPORTION OF DATA PRESENT FOR Y


           Covariance Coverage
              FIS_I         PBLACK        LNMINC
              ________      ________      ________
 FIS_I          1.000
 PBLACK         1.000         1.000
 LNMINC         1.000         1.000         1.000


UNIVARIATE PROPORTIONS AND COUNTS FOR CATEGORICAL VARIABLES

    EML
      Category 1    0.993         6892.000
      Category 2    0.007           46.000



THE MODEL ESTIMATION TERMINATED NORMALLY



MODEL FIT INFORMATION

Number of Free Parameters                        7

Loglikelihood

          H0 Value                      -11302.736

Information Criteria

          Akaike (AIC)                   22619.472
          Bayesian (BIC)                 22667.386
          Sample-Size Adjusted BIC       22645.141
            (n* = (n + 2) / 24)



MODEL RESULTS

                                                    Two-Tailed
                    Estimate       S.E.  Est./S.E.    P-Value

 FIS_I      ON
    PBLACK             0.049      0.002     32.008      0.000
    LNMINC            -0.618      0.053    -11.747      0.000

 EML        ON
    FIS_I              0.595      0.105      5.661      0.000
    PBLACK             0.053      0.007      7.182      0.000

 Intercepts
    FIS_I              0.000      0.015     -0.016      0.987

 Thresholds
    EML$1              6.870      0.357     19.226      0.000

 Residual Variances
    FIS_I              1.470      0.025     58.898      0.000


LOGISTIC REGRESSION ODDS RATIO RESULTS

 EML        ON
    FIS_I              1.813
    PBLACK             1.054


QUALITY OF NUMERICAL RESULTS

     Condition Number for the Information Matrix              0.721E-05
       (ratio of smallest to largest eigenvalue)


     Beginning Time:  12:22:58
        Ending Time:  12:22:58
       Elapsed Time:  00:00:00



MUTHEN & MUTHEN
3463 Stoner Ave.
Los Angeles, CA  90066

Tel: (310) 391-9971
Fax: (310) 391-8971
Web: www.StatModel.com
Support: Support@StatModel.com

Copyright (c) 1998-2015 Muthen & Muthen
