Mplus VERSION 7.4
MUTHEN & MUTHEN
10/17/2016   1:28 PM

INPUT INSTRUCTIONS

  Title:
    Model 1.
    Stata2Mplus conversion for emcause.dta
    List of variables converted shown below

    code : code
    em_ever : Ever had an EM
    pwhite : percent white
    pblack : percent black
    eml : Emergency dispossesion (EM or probation)
    fis_i : Fiscal Indicator Score (with imputation)
    fis_m : FIS mean across the years
    medhinc : Median Household Income

  Data:
    File is emcause.dat ;
  Variable:
    Names are
       code em_ever pwhite pblack eml fis_i fis_m medhinc linc;
    Usevariables are eml fis_i pblack linc;
    Categorical = eml;
  Model:
    eml ON fis_i;
    fis_i ON pblack linc;

  Analysis:
    Estimator=WLS;

  Output:
    TECH1 STDYX;



INPUT READING TERMINATED NORMALLY




Model 1.
Stata2Mplus conversion for emcause.dta
List of variables converted shown below

code : code
em_ever : Ever had an EM
pwhite : percent white
pblack : percent black
eml : Emergency dispossesion (EM or probation)
fis_i : Fiscal Indicator Score (with imputation)
fis_m : FIS mean across the years
medhinc : Median Household Income

SUMMARY OF ANALYSIS

Number of groups                                                 1
Number of observations                                        6938

Number of dependent variables                                    2
Number of independent variables                                  2
Number of continuous latent variables                            0

Observed dependent variables

  Continuous
   FIS_I

  Binary and ordered categorical (ordinal)
   EML

Observed independent variables
   PBLACK      LINC


Estimator                                                      WLS
Maximum number of iterations                                  1000
Convergence criterion                                    0.500D-04
Maximum number of steepest descent iterations                   20
Parameterization                                             DELTA

Input data file(s)
  emcause.dat

Input data format  FREE


UNIVARIATE PROPORTIONS AND COUNTS FOR CATEGORICAL VARIABLES

    EML
      Category 1    0.993         6892.000
      Category 2    0.007           46.000



THE MODEL ESTIMATION TERMINATED NORMALLY



MODEL FIT INFORMATION

Number of Free Parameters                        6

Chi-Square Test of Model Fit

          Value                             90.643
          Degrees of Freedom                     2
          P-Value                           0.0000

RMSEA (Root Mean Square Error Of Approximation)

          Estimate                           0.080
          90 Percent C.I.                    0.066  0.094
          Probability RMSEA <= .05           0.000

CFI/TLI

          CFI                                0.972
          TLI                                0.929

Chi-Square Test of Model Fit for the Baseline Model

          Value                           3134.459
          Degrees of Freedom                     5
          P-Value                           0.0000



MODEL RESULTS

                                                    Two-Tailed
                    Estimate       S.E.  Est./S.E.    P-Value

 EML      ON
    FIS_I              0.389      0.026     15.018      0.000

 FIS_I    ON
    PBLACK             0.050      0.001     45.749      0.000
    LINC              -0.610      0.052    -11.741      0.000

 Intercepts
    FIS_I              0.003      0.019      0.141      0.888

 Thresholds
    EML$1              2.318      0.092     25.063      0.000

 Residual Variances
    FIS_I              1.461      0.021     69.063      0.000


STANDARDIZED MODEL RESULTS


STDYX Standardization

                                                    Two-Tailed
                    Estimate       S.E.  Est./S.E.    P-Value

 EML      ON
    FIS_I              0.507      0.032     15.920      0.000

 FIS_I    ON
    PBLACK             0.370      0.008     48.058      0.000
    LINC              -0.131      0.011    -11.781      0.000

 Intercepts
    FIS_I              0.002      0.014      0.141      0.888

 Thresholds
    EML$1              2.264      0.087     25.911      0.000

 Residual Variances
    FIS_I              0.821      0.006    129.662      0.000


R-SQUARE

    Observed                                        Two-Tailed   Residual
    Variable        Estimate       S.E.  Est./S.E.    P-Value    Variance

    EML                0.257      0.032      7.960      0.000      0.779
    FIS_I              0.179      0.006     28.325      0.000


QUALITY OF NUMERICAL RESULTS

     Condition Number for the Information Matrix              0.147E-03
       (ratio of smallest to largest eigenvalue)


TECHNICAL 1 OUTPUT


     PARAMETER SPECIFICATION


           TAU
              EML$1
              ________
      1           1


           NU
              EML           FIS_I
              ________      ________
      1           0             0


           LAMBDA
              EML           FIS_I
              ________      ________
 EML                0             0
 FIS_I              0             0


           THETA
              EML           FIS_I
              ________      ________
 EML                0
 FIS_I              0             0


           ALPHA
              EML           FIS_I
              ________      ________
      1           0             2


           BETA
              EML           FIS_I
              ________      ________
 EML                0             3
 FIS_I              0             0


           GAMMA
              PBLACK        LINC
              ________      ________
 EML                0             0
 FIS_I              4             5


           PSI
              EML           FIS_I
              ________      ________
 EML                0
 FIS_I              0             6


     STARTING VALUES


           TAU
              EML$1
              ________
      1         2.477


           NU
              EML           FIS_I
              ________      ________
      1         0.000         0.000


           LAMBDA
              EML           FIS_I
              ________      ________
 EML            1.000         0.000
 FIS_I          0.000         1.000


           THETA
              EML           FIS_I
              ________      ________
 EML            0.000
 FIS_I          0.000         0.000


           ALPHA
              EML           FIS_I
              ________      ________
      1         0.000         0.000


           BETA
              EML           FIS_I
              ________      ________
 EML            0.000         0.000
 FIS_I          0.000         0.000


           GAMMA
              PBLACK        LINC
              ________      ________
 EML            0.000         0.000
 FIS_I          0.000         0.000


           PSI
              EML           FIS_I
              ________      ________
 EML            1.000
 FIS_I          0.000         0.890


DIAGRAM INFORMATION

  Use View Diagram under the Diagram menu in the Mplus Editor to view the diagram.
  If running Mplus from the Mplus Diagrammer, the diagram opens automatically.

  Diagram output
    c:\data\detroit\table models\m1mlfit.dgm

     Beginning Time:  13:28:35
        Ending Time:  13:28:35
       Elapsed Time:  00:00:00



MUTHEN & MUTHEN
3463 Stoner Ave.
Los Angeles, CA  90066

Tel: (310) 391-9971
Fax: (310) 391-8971
Web: www.StatModel.com
Support: Support@StatModel.com

Copyright (c) 1998-2015 Muthen & Muthen
