Mplus VERSION 7.4
MUTHEN & MUTHEN
10/17/2016   1:29 PM

INPUT INSTRUCTIONS

  Title:
    Model 2.
    Stata2Mplus conversion for emcause.dta
    List of variables converted shown below

    code : code
    em_ever : Ever had an EM
    pwhite : percent white
    pblack : percent black
    eml : Emergency dispossesion (EM or probation)
    fis_i : Fiscal Indicator Score (with imputation)
    fis_m : FIS mean across the years
    medhinc : Median Household Income

  Data:
    File is emcause.dat ;
  Variable:
    Names are
       code em_ever pwhite pblack eml fis_i fis_m medhinc linc;
    Usevariables are eml fis_i pblack linc;
    Categorical = eml;
  Model:
    eml ON fis_i pblack;
    fis_i ON pblack linc;
  Model Indirect:
    eml IND pblack;
  Analysis:
    Estimator=WLS;

  Output:
    TECH1 STDYX;




INPUT READING TERMINATED NORMALLY




Model 2.
Stata2Mplus conversion for emcause.dta
List of variables converted shown below

code : code
em_ever : Ever had an EM
pwhite : percent white
pblack : percent black
eml : Emergency dispossesion (EM or probation)
fis_i : Fiscal Indicator Score (with imputation)
fis_m : FIS mean across the years
medhinc : Median Household Income

SUMMARY OF ANALYSIS

Number of groups                                                 1
Number of observations                                        6938

Number of dependent variables                                    2
Number of independent variables                                  2
Number of continuous latent variables                            0

Observed dependent variables

  Continuous
   FIS_I

  Binary and ordered categorical (ordinal)
   EML

Observed independent variables
   PBLACK      LINC


Estimator                                                      WLS
Maximum number of iterations                                  1000
Convergence criterion                                    0.500D-04
Maximum number of steepest descent iterations                   20
Parameterization                                             DELTA

Input data file(s)
  emcause.dat

Input data format  FREE


UNIVARIATE PROPORTIONS AND COUNTS FOR CATEGORICAL VARIABLES

    EML
      Category 1    0.993         6892.000
      Category 2    0.007           46.000



THE MODEL ESTIMATION TERMINATED NORMALLY



MODEL FIT INFORMATION

Number of Free Parameters                        7

Chi-Square Test of Model Fit

          Value                              5.274
          Degrees of Freedom                     1
          P-Value                           0.0217

RMSEA (Root Mean Square Error Of Approximation)

          Estimate                           0.025
          90 Percent C.I.                    0.008  0.047
          Probability RMSEA <= .05           0.969

CFI/TLI

          CFI                                0.999
          TLI                                0.993

Chi-Square Test of Model Fit for the Baseline Model

          Value                           3134.459
          Degrees of Freedom                     5
          P-Value                           0.0000



MODEL RESULTS

                                                    Two-Tailed
                    Estimate       S.E.  Est./S.E.    P-Value

 EML      ON
    FIS_I              0.218      0.032      6.915      0.000
    PBLACK             0.029      0.003      9.301      0.000

 FIS_I    ON
    PBLACK             0.049      0.001     44.495      0.000
    LINC              -0.605      0.052    -11.666      0.000

 Intercepts
    FIS_I              0.000      0.019     -0.005      0.996

 Thresholds
    EML$1              3.053      0.122     25.045      0.000

 Residual Variances
    FIS_I              1.471      0.021     69.459      0.000


STANDARDIZED MODEL RESULTS


STDYX Standardization

                                                    Two-Tailed
                    Estimate       S.E.  Est./S.E.    P-Value

 EML      ON
    FIS_I              0.270      0.039      6.904      0.000
    PBLACK             0.264      0.027      9.920      0.000

 FIS_I    ON
    PBLACK             0.362      0.008     46.660      0.000
    LINC              -0.130      0.011    -11.704      0.000

 Intercepts
    FIS_I              0.000      0.014     -0.005      0.996

 Thresholds
    EML$1              2.833      0.097     29.272      0.000

 Residual Variances
    FIS_I              0.827      0.006    131.926      0.000


R-SQUARE

    Observed                                        Two-Tailed   Residual
    Variable        Estimate       S.E.  Est./S.E.    P-Value    Variance

    EML                0.199      0.022      9.083      0.000      0.930
    FIS_I              0.173      0.006     27.519      0.000


QUALITY OF NUMERICAL RESULTS

     Condition Number for the Information Matrix              0.153E-03
       (ratio of smallest to largest eigenvalue)


TOTAL, TOTAL INDIRECT, SPECIFIC INDIRECT, AND DIRECT EFFECTS


                                                    Two-Tailed
                    Estimate       S.E.  Est./S.E.    P-Value

Effects from PBLACK to EML

  Total                0.039      0.003     15.601      0.000
  Total indirect       0.011      0.002      6.862      0.000

  Specific indirect

    EML
    FIS_I
    PBLACK             0.011      0.002      6.862      0.000

  Direct
    EML
    PBLACK             0.029      0.003      9.301      0.000



STANDARDIZED TOTAL, TOTAL INDIRECT, SPECIFIC INDIRECT, AND DIRECT EFFECTS


STDYX Standardization

                                                    Two-Tailed
                    Estimate       S.E.  Est./S.E.    P-Value

Effects from PBLACK to EML

  Total                0.362      0.020     17.840      0.000
  Total indirect       0.098      0.014      6.830      0.000

  Specific indirect

    EML
    FIS_I
    PBLACK             0.098      0.014      6.830      0.000

  Direct
    EML
    PBLACK             0.264      0.027      9.920      0.000




TECHNICAL 1 OUTPUT


     PARAMETER SPECIFICATION


           TAU
              EML$1
              ________
      1           1


           NU
              EML           FIS_I
              ________      ________
      1           0             0


           LAMBDA
              EML           FIS_I
              ________      ________
 EML                0             0
 FIS_I              0             0


           THETA
              EML           FIS_I
              ________      ________
 EML                0
 FIS_I              0             0


           ALPHA
              EML           FIS_I
              ________      ________
      1           0             2


           BETA
              EML           FIS_I
              ________      ________
 EML                0             3
 FIS_I              0             0


           GAMMA
              PBLACK        LINC
              ________      ________
 EML                4             0
 FIS_I              5             6


           PSI
              EML           FIS_I
              ________      ________
 EML                0
 FIS_I              0             7


     STARTING VALUES


           TAU
              EML$1
              ________
      1         2.477


           NU
              EML           FIS_I
              ________      ________
      1         0.000         0.000


           LAMBDA
              EML           FIS_I
              ________      ________
 EML            1.000         0.000
 FIS_I          0.000         1.000


           THETA
              EML           FIS_I
              ________      ________
 EML            0.000
 FIS_I          0.000         0.000


           ALPHA
              EML           FIS_I
              ________      ________
      1         0.000         0.000


           BETA
              EML           FIS_I
              ________      ________
 EML            0.000         0.000
 FIS_I          0.000         0.000


           GAMMA
              PBLACK        LINC
              ________      ________
 EML            0.000         0.000
 FIS_I          0.000         0.000


           PSI
              EML           FIS_I
              ________      ________
 EML            1.000
 FIS_I          0.000         0.890


DIAGRAM INFORMATION

  Use View Diagram under the Diagram menu in the Mplus Editor to view the diagram.
  If running Mplus from the Mplus Diagrammer, the diagram opens automatically.

  Diagram output
    c:\data\detroit\table models\m2mlfit.dgm

     Beginning Time:  13:29:14
        Ending Time:  13:29:14
       Elapsed Time:  00:00:00



MUTHEN & MUTHEN
3463 Stoner Ave.
Los Angeles, CA  90066

Tel: (310) 391-9971
Fax: (310) 391-8971
Web: www.StatModel.com
Support: Support@StatModel.com

Copyright (c) 1998-2015 Muthen & Muthen
