Mplus VERSION 7.4
MUTHEN & MUTHEN
09/14/2016   6:55 PM

INPUT INSTRUCTIONS

  Title:
    Stata2Mplus conversion for emcause.dta
    List of variables converted shown below

    code : code
    em_ever : Ever had an EM
    pwhite : percent white
    pblack : percent black
    eml : Emergency dispossesion (EM or probation)
    fis_i : Fiscal Indicator Score (with imputation)
    fis_m : FIS mean across the years
    medhinc : Median Household Income

  Data:
    File is emcause.dat ;
  Variable:
    Names are
       code em_ever pwhite pblack eml fis_i fis_m medhinc;
    Usevariables are eml fis_i pblack;
    !Categorical = eml;
    !Keeping it an LPM for easier understanding
  Analysis:
    Type = general;
    Model = NOMEANSTRUCTURE;
    Information = expected;
  Model:
    fis BY fis_i@1;
    fis;
    eml ON fis pblack@0;
    fis_i@0.1780;
  !variance of fis_i is 1.7797081
  !so proportions of that variance are:
  !90% 1.6017
  !80% 1.4238
  !70% 1.2458
  !60% 1.0678
  !50% 0.8899
  !40% 0.7119
  !30% 0.5339
  !20% 0.3559
  !10% 0.1780


  Model constraint:
  Output:
    TECH1 STDYX MODINDICES;



INPUT READING TERMINATED NORMALLY




Stata2Mplus conversion for emcause.dta
List of variables converted shown below

code : code
em_ever : Ever had an EM
pwhite : percent white
pblack : percent black
eml : Emergency dispossesion (EM or probation)
fis_i : Fiscal Indicator Score (with imputation)
fis_m : FIS mean across the years
medhinc : Median Household Income

SUMMARY OF ANALYSIS

Number of groups                                                 1
Number of observations                                        6938

Number of dependent variables                                    2
Number of independent variables                                  1
Number of continuous latent variables                            1

Observed dependent variables

  Continuous
   EML         FIS_I

Observed independent variables
   PBLACK

Continuous latent variables
   FIS


Estimator                                                       ML
Information matrix                                        EXPECTED
Maximum number of iterations                                  1000
Convergence criterion                                    0.500D-04
Maximum number of steepest descent iterations                   20

Input data file(s)
  emcause.dat

Input data format  FREE



THE MODEL ESTIMATION TERMINATED NORMALLY



MODEL FIT INFORMATION

Number of Free Parameters                        3

Loglikelihood

          H0 Value                       -3988.230
          H1 Value                       -2757.003

Information Criteria

          Akaike (AIC)                    7982.460
          Bayesian (BIC)                  8002.994
          Sample-Size Adjusted BIC        7993.461
            (n* = (n + 2) / 24)

Chi-Square Test of Model Fit

          Value                           2462.455
          Degrees of Freedom                     2
          P-Value                           0.0000

RMSEA (Root Mean Square Error Of Approximation)

          Estimate                           0.421
          90 Percent C.I.                    0.407  0.435
          Probability RMSEA <= .05           0.000

CFI/TLI

          CFI                                0.183
          TLI                               -0.225

Chi-Square Test of Model Fit for the Baseline Model

          Value                           3014.737
          Degrees of Freedom                     3
          P-Value                           0.0000

SRMR (Standardized Root Mean Square Residual)

          Value                              0.251



MODEL RESULTS

                                                    Two-Tailed
                    Estimate       S.E.  Est./S.E.    P-Value

 FIS      BY
    FIS_I              1.000      0.000    999.000    999.000

 EML      ON
    FIS                0.019      0.001     23.952      0.000

 EML      ON
    PBLACK             0.000      0.000    999.000    999.000

 Variances
    FIS                1.601      0.030     53.007      0.000

 Residual Variances
    EML                0.006      0.000     58.296      0.000
    FIS_I              0.178      0.000    999.000    999.000


STANDARDIZED MODEL RESULTS


STDYX Standardization

                                                    Two-Tailed
                    Estimate       S.E.  Est./S.E.    P-Value

 FIS      BY
    FIS_I              0.949      0.001   1059.805      0.000

 EML      ON
    FIS                0.292      0.012     25.058      0.000

 EML      ON
    PBLACK             0.000      0.000    999.000    999.000

 Variances
    FIS                1.000      0.000    999.000    999.000

 Residual Variances
    EML                0.915      0.007    134.836      0.000
    FIS_I              0.100      0.002     58.898      0.000


R-SQUARE

    Observed                                        Two-Tailed
    Variable        Estimate       S.E.  Est./S.E.    P-Value

    EML                0.085      0.007     12.529      0.000
    FIS_I              0.900      0.002    529.902      0.000


QUALITY OF NUMERICAL RESULTS

     Condition Number for the Information Matrix              0.117E-04
       (ratio of smallest to largest eigenvalue)


MODEL MODIFICATION INDICES

NOTE:  Modification indices for direct effects of observed dependent variables
regressed on covariates may not be included.  To include these, request
MODINDICES (ALL).

Minimum M.I. value for printing the modification index    10.000

                                   M.I.     E.P.C.  Std E.P.C.  StdYX E.P.C.

ON Statements

FIS      ON PBLACK              1157.726     0.055      0.044        0.430
EML      ON PBLACK               981.202     0.003      0.003        0.361

WITH Statements

PBLACK   WITH FIS               1157.726     5.387      4.257        0.430
PBLACK   WITH EML                981.202     0.290      0.290        0.378


TECHNICAL 1 OUTPUT


     PARAMETER SPECIFICATION


           LAMBDA
              FIS           EML           PBLACK
              ________      ________      ________
 EML                0             0             0
 FIS_I              0             0             0
 PBLACK             0             0             0


           THETA
              EML           FIS_I         PBLACK
              ________      ________      ________
 EML                0
 FIS_I              0             0
 PBLACK             0             0             0


           BETA
              FIS           EML           PBLACK
              ________      ________      ________
 FIS                0             0             0
 EML                1             0             0
 PBLACK             0             0             0


           PSI
              FIS           EML           PBLACK
              ________      ________      ________
 FIS                2
 EML                0             3
 PBLACK             0             0             0


     STARTING VALUES


           LAMBDA
              FIS           EML           PBLACK
              ________      ________      ________
 EML            0.000         1.000         0.000
 FIS_I          1.000         0.000         0.000
 PBLACK         0.000         0.000         1.000


           THETA
              EML           FIS_I         PBLACK
              ________      ________      ________
 EML            0.000
 FIS_I          0.000         0.178
 PBLACK         0.000         0.000         0.000


           BETA
              FIS           EML           PBLACK
              ________      ________      ________
 FIS            0.000         0.000         0.000
 EML            0.000         0.000         0.000
 PBLACK         0.000         0.000         0.000


           PSI
              FIS           EML           PBLACK
              ________      ________      ________
 FIS            0.050
 EML            0.000         0.003
 PBLACK         0.000         0.000        97.834


DIAGRAM INFORMATION

  Use View Diagram under the Diagram menu in the Mplus Editor to view the diagram.
  If running Mplus from the Mplus Diagrammer, the diagram opens automatically.

  Diagram output
    c:\data\detroit\theta excercise\theta30.dgm

     Beginning Time:  18:55:26
        Ending Time:  18:55:26
       Elapsed Time:  00:00:00



MUTHEN & MUTHEN
3463 Stoner Ave.
Los Angeles, CA  90066

Tel: (310) 391-9971
Fax: (310) 391-8971
Web: www.StatModel.com
Support: Support@StatModel.com

Copyright (c) 1998-2015 Muthen & Muthen
